[ 2018-01-24T16:47:39+08:00 ] 127.0.0.1 /
INFO: [ app_init ] --START--
INFO: Run Behavior\BuildLiteBehavior [ RunTime:0.000000s ]
INFO: [ app_init ] --END-- [ RunTime:0.001000s ]
INFO: [ app_begin ] --START--
INFO: Run Behavior\ReadHtmlCacheBehavior [ RunTime:0.001000s ]
INFO: [ app_begin ] --END-- [ RunTime:0.001000s ]
SQL: SHOW COLUMNS FROM `gupiao_company` [ RunTime:0.0380s ]
SQL: SELECT * FROM `gupiao_company` LIMIT 1   [ RunTime:0.0010s ]
SQL: SHOW COLUMNS FROM `gupiao_code` [ RunTime:0.0380s ]
SQL: SELECT * FROM `gupiao_code` WHERE ( type = 1 ) LIMIT 1   [ RunTime:0.0000s ]
SQL: SHOW COLUMNS FROM `gupiao_banner` [ RunTime:0.0190s ]
SQL: SELECT * FROM `gupiao_banner` WHERE ( type = 1 )  [ RunTime:0.0000s ]
SQL: SHOW COLUMNS FROM `gupiao_title_img` [ RunTime:0.0350s ]
SQL: SELECT * FROM `gupiao_title_img` WHERE ( type = 1 )  [ RunTime:0.0010s ]
SQL: SELECT * FROM `gupiao_code` WHERE ( type = 1 ) LIMIT 1   [ RunTime:0.0000s ]
SQL: SELECT * FROM `gupiao_code` WHERE ( type = 2 ) LIMIT 1   [ RunTime:0.0000s ]
INFO: [ view_parse ] --START--
INFO: [ template_filter ] --START--
INFO: Run Behavior\ContentReplaceBehavior [ RunTime:0.000000s ]
INFO: [ template_filter ] --END-- [ RunTime:0.001000s ]
INFO: Run Behavior\ParseTemplateBehavior [ RunTime:0.013001s ]
INFO: [ view_parse ] --END-- [ RunTime:0.013001s ]
INFO: [ view_filter ] --START--
INFO: Run Behavior\WriteHtmlCacheBehavior [ RunTime:0.001000s ]
INFO: [ view_filter ] --END-- [ RunTime:0.001000s ]
INFO: [ app_end ] --START--
INFO: Run Behavior\ShowPageTraceBehavior [ RunTime:0.006001s ]
INFO: [ app_end ] --END-- [ RunTime:0.006001s ]

[ 2018-01-24T16:47:49+08:00 ] 127.0.0.1 /
INFO: [ app_init ] --START--
INFO: Run Behavior\BuildLiteBehavior [ RunTime:0.000000s ]
INFO: [ app_init ] --END-- [ RunTime:0.001000s ]
INFO: [ app_begin ] --START--
INFO: Run Behavior\ReadHtmlCacheBehavior [ RunTime:0.001000s ]
INFO: [ app_begin ] --END-- [ RunTime:0.001000s ]
SQL: SHOW COLUMNS FROM `gupiao_company` [ RunTime:0.0050s ]
SQL: SELECT * FROM `gupiao_company` LIMIT 1   [ RunTime:0.0000s ]
SQL: SHOW COLUMNS FROM `gupiao_code` [ RunTime:0.0050s ]
SQL: SELECT * FROM `gupiao_code` WHERE ( type = 1 ) LIMIT 1   [ RunTime:0.0010s ]
SQL: SHOW COLUMNS FROM `gupiao_banner` [ RunTime:0.0060s ]
SQL: SELECT * FROM `gupiao_banner` WHERE ( type = 1 )  [ RunTime:0.0000s ]
SQL: SHOW COLUMNS FROM `gupiao_title_img` [ RunTime:0.0050s ]
SQL: SELECT * FROM `gupiao_title_img` WHERE ( type = 1 )  [ RunTime:0.0010s ]
SQL: SELECT * FROM `gupiao_code` WHERE ( type = 1 ) LIMIT 1   [ RunTime:0.0000s ]
SQL: SELECT * FROM `gupiao_code` WHERE ( type = 2 ) LIMIT 1   [ RunTime:0.0000s ]
INFO: [ view_parse ] --START--
INFO: [ template_filter ] --START--
INFO: Run Behavior\ContentReplaceBehavior [ RunTime:0.000000s ]
INFO: [ template_filter ] --END-- [ RunTime:0.000000s ]
INFO: Run Behavior\ParseTemplateBehavior [ RunTime:0.009000s ]
INFO: [ view_parse ] --END-- [ RunTime:0.009000s ]
INFO: [ view_filter ] --START--
INFO: Run Behavior\WriteHtmlCacheBehavior [ RunTime:0.000000s ]
INFO: [ view_filter ] --END-- [ RunTime:0.000000s ]
INFO: [ app_end ] --START--
INFO: Run Behavior\ShowPageTraceBehavior [ RunTime:0.000000s ]
INFO: [ app_end ] --END-- [ RunTime:0.000000s ]

[ 2018-01-24T16:47:50+08:00 ] 127.0.0.1 /
INFO: [ app_init ] --START--
INFO: Run Behavior\BuildLiteBehavior [ RunTime:0.000000s ]
INFO: [ app_init ] --END-- [ RunTime:0.001000s ]
INFO: [ app_begin ] --START--
INFO: Run Behavior\ReadHtmlCacheBehavior [ RunTime:0.000000s ]
INFO: [ app_begin ] --END-- [ RunTime:0.000000s ]
SQL: SHOW COLUMNS FROM `gupiao_company` [ RunTime:0.0070s ]
SQL: SELECT * FROM `gupiao_company` LIMIT 1   [ RunTime:0.0000s ]
SQL: SHOW COLUMNS FROM `gupiao_code` [ RunTime:0.0060s ]
SQL: SELECT * FROM `gupiao_code` WHERE ( type = 1 ) LIMIT 1   [ RunTime:0.0000s ]
SQL: SHOW COLUMNS FROM `gupiao_banner` [ RunTime:0.0050s ]
SQL: SELECT * FROM `gupiao_banner` WHERE ( type = 1 )  [ RunTime:0.0000s ]
SQL: SHOW COLUMNS FROM `gupiao_title_img` [ RunTime:0.0060s ]
SQL: SELECT * FROM `gupiao_title_img` WHERE ( type = 1 )  [ RunTime:0.0000s ]
SQL: SELECT * FROM `gupiao_code` WHERE ( type = 1 ) LIMIT 1   [ RunTime:0.0000s ]
SQL: SELECT * FROM `gupiao_code` WHERE ( type = 2 ) LIMIT 1   [ RunTime:0.0000s ]
INFO: [ view_parse ] --START--
INFO: [ template_filter ] --START--
INFO: Run Behavior\ContentReplaceBehavior [ RunTime:0.000000s ]
INFO: [ template_filter ] --END-- [ RunTime:0.000000s ]
INFO: Run Behavior\ParseTemplateBehavior [ RunTime:0.007000s ]
INFO: [ view_parse ] --END-- [ RunTime:0.008000s ]
INFO: [ view_filter ] --START--
INFO: Run Behavior\WriteHtmlCacheBehavior [ RunTime:0.000000s ]
INFO: [ view_filter ] --END-- [ RunTime:0.000000s ]
INFO: [ app_end ] --START--
INFO: Run Behavior\ShowPageTraceBehavior [ RunTime:0.001001s ]
INFO: [ app_end ] --END-- [ RunTime:0.001001s ]

[ 2018-01-24T16:48:01+08:00 ] 127.0.0.1 /
INFO: [ app_init ] --START--
INFO: Run Behavior\BuildLiteBehavior [ RunTime:0.000000s ]
INFO: [ app_init ] --END-- [ RunTime:0.001000s ]
INFO: [ app_begin ] --START--
INFO: Run Behavior\ReadHtmlCacheBehavior [ RunTime:0.001000s ]
INFO: [ app_begin ] --END-- [ RunTime:0.001000s ]
SQL: SHOW COLUMNS FROM `gupiao_company` [ RunTime:0.0060s ]
SQL: SELECT * FROM `gupiao_company` LIMIT 1   [ RunTime:0.0000s ]
SQL: SHOW COLUMNS FROM `gupiao_code` [ RunTime:0.0070s ]
SQL: SELECT * FROM `gupiao_code` WHERE ( type = 1 ) LIMIT 1   [ RunTime:0.0000s ]
SQL: SHOW COLUMNS FROM `gupiao_banner` [ RunTime:0.0070s ]
SQL: SELECT * FROM `gupiao_banner` WHERE ( type = 1 )  [ RunTime:0.0010s ]
SQL: SHOW COLUMNS FROM `gupiao_title_img` [ RunTime:0.0060s ]
SQL: SELECT * FROM `gupiao_title_img` WHERE ( type = 1 )  [ RunTime:0.0010s ]
SQL: SELECT * FROM `gupiao_code` WHERE ( type = 1 ) LIMIT 1   [ RunTime:0.0000s ]
SQL: SELECT * FROM `gupiao_code` WHERE ( type = 2 ) LIMIT 1   [ RunTime:0.0000s ]
INFO: [ view_parse ] --START--
INFO: [ template_filter ] --START--
INFO: Run Behavior\ContentReplaceBehavior [ RunTime:0.000000s ]
INFO: [ template_filter ] --END-- [ RunTime:0.001000s ]
INFO: Run Behavior\ParseTemplateBehavior [ RunTime:0.009000s ]
INFO: [ view_parse ] --END-- [ RunTime:0.009000s ]
INFO: [ view_filter ] --START--
INFO: Run Behavior\WriteHtmlCacheBehavior [ RunTime:0.000000s ]
INFO: [ view_filter ] --END-- [ RunTime:0.000000s ]
INFO: [ app_end ] --START--
INFO: Run Behavior\ShowPageTraceBehavior [ RunTime:0.001000s ]
INFO: [ app_end ] --END-- [ RunTime:0.001000s ]

[ 2018-01-24T16:48:07+08:00 ] 127.0.0.1 /options.html
INFO: [ app_init ] --START--
INFO: Run Behavior\BuildLiteBehavior [ RunTime:0.000000s ]
INFO: [ app_init ] --END-- [ RunTime:0.000000s ]
INFO: [ app_begin ] --START--
INFO: Run Behavior\ReadHtmlCacheBehavior [ RunTime:0.001000s ]
INFO: [ app_begin ] --END-- [ RunTime:0.001000s ]
SQL: SHOW COLUMNS FROM `gupiao_company` [ RunTime:0.0070s ]
SQL: SELECT * FROM `gupiao_company` LIMIT 1   [ RunTime:0.0010s ]
SQL: SHOW COLUMNS FROM `gupiao_code` [ RunTime:0.0070s ]
SQL: SELECT * FROM `gupiao_code` WHERE ( type = 1 ) LIMIT 1   [ RunTime:0.0010s ]
SQL: SHOW COLUMNS FROM `gupiao_banner` [ RunTime:0.0060s ]
SQL: SELECT * FROM `gupiao_banner` WHERE ( type = 1 )  [ RunTime:0.0010s ]
SQL: SHOW COLUMNS FROM `gupiao_title_img` [ RunTime:0.0060s ]
SQL: SELECT * FROM `gupiao_title_img` WHERE ( type = 2 )  [ RunTime:0.0010s ]
INFO: [ view_parse ] --START--
INFO: [ template_filter ] --START--
INFO: Run Behavior\ContentReplaceBehavior [ RunTime:0.000000s ]
INFO: [ template_filter ] --END-- [ RunTime:0.000000s ]
INFO: Run Behavior\ParseTemplateBehavior [ RunTime:0.009001s ]
INFO: [ view_parse ] --END-- [ RunTime:0.009001s ]
INFO: [ view_filter ] --START--
INFO: Run Behavior\WriteHtmlCacheBehavior [ RunTime:0.000000s ]
INFO: [ view_filter ] --END-- [ RunTime:0.001000s ]
INFO: [ app_end ] --START--
INFO: Run Behavior\ShowPageTraceBehavior [ RunTime:0.001000s ]
INFO: [ app_end ] --END-- [ RunTime:0.001000s ]

[ 2018-01-24T16:48:08+08:00 ] 127.0.0.1 /plan.html
INFO: [ app_init ] --START--
INFO: Run Behavior\BuildLiteBehavior [ RunTime:0.000000s ]
INFO: [ app_init ] --END-- [ RunTime:0.000000s ]
INFO: [ app_begin ] --START--
INFO: Run Behavior\ReadHtmlCacheBehavior [ RunTime:0.001000s ]
INFO: [ app_begin ] --END-- [ RunTime:0.001000s ]
SQL: SHOW COLUMNS FROM `gupiao_company` [ RunTime:0.0090s ]
SQL: SELECT * FROM `gupiao_company` LIMIT 1   [ RunTime:0.0020s ]
SQL: SHOW COLUMNS FROM `gupiao_code` [ RunTime:0.0170s ]
SQL: SELECT * FROM `gupiao_code` WHERE ( type = 1 ) LIMIT 1   [ RunTime:0.0010s ]
SQL: SHOW COLUMNS FROM `gupiao_banner` [ RunTime:0.0160s ]
SQL: SELECT * FROM `gupiao_banner` WHERE ( type = 1 )  [ RunTime:0.0020s ]
SQL: SHOW COLUMNS FROM `gupiao_title_img` [ RunTime:0.0120s ]
SQL: SELECT * FROM `gupiao_title_img` WHERE ( type = 3 )  [ RunTime:0.0000s ]
INFO: [ view_parse ] --START--
INFO: [ template_filter ] --START--
INFO: Run Behavior\ContentReplaceBehavior [ RunTime:0.000000s ]
INFO: [ template_filter ] --END-- [ RunTime:0.000000s ]
INFO: Run Behavior\ParseTemplateBehavior [ RunTime:0.018001s ]
INFO: [ view_parse ] --END-- [ RunTime:0.019001s ]
INFO: [ view_filter ] --START--
INFO: Run Behavior\WriteHtmlCacheBehavior [ RunTime:0.001000s ]
INFO: [ view_filter ] --END-- [ RunTime:0.001000s ]
INFO: [ app_end ] --START--
INFO: Run Behavior\ShowPageTraceBehavior [ RunTime:0.001000s ]
INFO: [ app_end ] --END-- [ RunTime:0.001000s ]

[ 2018-01-24T16:48:09+08:00 ] 127.0.0.1 /about.html
INFO: [ app_init ] --START--
INFO: Run Behavior\BuildLiteBehavior [ RunTime:0.000000s ]
INFO: [ app_init ] --END-- [ RunTime:0.000000s ]
INFO: [ app_begin ] --START--
INFO: Run Behavior\ReadHtmlCacheBehavior [ RunTime:0.001000s ]
INFO: [ app_begin ] --END-- [ RunTime:0.001000s ]
SQL: SHOW COLUMNS FROM `gupiao_company` [ RunTime:0.0060s ]
SQL: SELECT * FROM `gupiao_company` LIMIT 1   [ RunTime:0.0000s ]
SQL: SHOW COLUMNS FROM `gupiao_code` [ RunTime:0.0070s ]
SQL: SELECT * FROM `gupiao_code` WHERE ( type = 1 ) LIMIT 1   [ RunTime:0.0000s ]
SQL: SHOW COLUMNS FROM `gupiao_banner` [ RunTime:0.0060s ]
SQL: SELECT * FROM `gupiao_banner` WHERE ( type = 1 )  [ RunTime:0.0000s ]
SQL: SHOW COLUMNS FROM `gupiao_about` [ RunTime:0.0060s ]
SQL: SELECT * FROM `gupiao_about` ORDER BY id asc  [ RunTime:0.0010s ]
SQL: SELECT * FROM `gupiao_about` ORDER BY id asc LIMIT 1   [ RunTime:0.0000s ]
INFO: [ view_parse ] --START--
INFO: [ template_filter ] --START--
INFO: Run Behavior\ContentReplaceBehavior [ RunTime:0.000000s ]
INFO: [ template_filter ] --END-- [ RunTime:0.000000s ]
INFO: Run Behavior\ParseTemplateBehavior [ RunTime:0.008000s ]
INFO: [ view_parse ] --END-- [ RunTime:0.008000s ]
INFO: [ view_filter ] --START--
INFO: Run Behavior\WriteHtmlCacheBehavior [ RunTime:0.000000s ]
INFO: [ view_filter ] --END-- [ RunTime:0.000000s ]
INFO: [ app_end ] --START--
INFO: Run Behavior\ShowPageTraceBehavior [ RunTime:0.001000s ]
INFO: [ app_end ] --END-- [ RunTime:0.001000s ]

[ 2018-01-24T16:48:10+08:00 ] 127.0.0.1 /about/2
INFO: [ app_init ] --START--
INFO: Run Behavior\BuildLiteBehavior [ RunTime:0.000000s ]
INFO: [ app_init ] --END-- [ RunTime:0.001000s ]
INFO: [ app_begin ] --START--
INFO: Run Behavior\ReadHtmlCacheBehavior [ RunTime:0.001000s ]
INFO: [ app_begin ] --END-- [ RunTime:0.001000s ]
SQL: SHOW COLUMNS FROM `gupiao_company` [ RunTime:0.0150s ]
SQL: SELECT * FROM `gupiao_company` LIMIT 1   [ RunTime:0.0020s ]
SQL: SHOW COLUMNS FROM `gupiao_code` [ RunTime:0.0250s ]
SQL: SELECT * FROM `gupiao_code` WHERE ( type = 1 ) LIMIT 1   [ RunTime:0.0010s ]
SQL: SHOW COLUMNS FROM `gupiao_banner` [ RunTime:0.0140s ]
SQL: SELECT * FROM `gupiao_banner` WHERE ( type = 1 )  [ RunTime:0.0020s ]
SQL: SHOW COLUMNS FROM `gupiao_about` [ RunTime:0.0190s ]
SQL: SELECT * FROM `gupiao_about` ORDER BY id asc  [ RunTime:0.0000s ]
SQL: SELECT * FROM `gupiao_about` WHERE ( id = 2 ) ORDER BY id asc LIMIT 1   [ RunTime:0.0010s ]
INFO: [ view_parse ] --START--
INFO: [ template_filter ] --START--
INFO: Run Behavior\ContentReplaceBehavior [ RunTime:0.000000s ]
INFO: [ template_filter ] --END-- [ RunTime:0.000000s ]
INFO: Run Behavior\ParseTemplateBehavior [ RunTime:0.020001s ]
INFO: [ view_parse ] --END-- [ RunTime:0.021001s ]
INFO: [ view_filter ] --START--
INFO: Run Behavior\WriteHtmlCacheBehavior [ RunTime:0.001000s ]
INFO: [ view_filter ] --END-- [ RunTime:0.002000s ]
INFO: [ app_end ] --START--
INFO: Run Behavior\ShowPageTraceBehavior [ RunTime:0.001000s ]
INFO: [ app_end ] --END-- [ RunTime:0.001000s ]

[ 2018-01-24T16:48:12+08:00 ] 127.0.0.1 /about/3
INFO: [ app_init ] --START--
INFO: Run Behavior\BuildLiteBehavior [ RunTime:0.000000s ]
INFO: [ app_init ] --END-- [ RunTime:0.002000s ]
INFO: [ app_begin ] --START--
INFO: Run Behavior\ReadHtmlCacheBehavior [ RunTime:0.001000s ]
INFO: [ app_begin ] --END-- [ RunTime:0.002000s ]
SQL: SHOW COLUMNS FROM `gupiao_company` [ RunTime:0.0060s ]
SQL: SELECT * FROM `gupiao_company` LIMIT 1   [ RunTime:0.0000s ]
SQL: SHOW COLUMNS FROM `gupiao_code` [ RunTime:0.0060s ]
SQL: SELECT * FROM `gupiao_code` WHERE ( type = 1 ) LIMIT 1   [ RunTime:0.0000s ]
SQL: SHOW COLUMNS FROM `gupiao_banner` [ RunTime:0.0060s ]
SQL: SELECT * FROM `gupiao_banner` WHERE ( type = 1 )  [ RunTime:0.0010s ]
SQL: SHOW COLUMNS FROM `gupiao_about` [ RunTime:0.0070s ]
SQL: SELECT * FROM `gupiao_about` ORDER BY id asc  [ RunTime:0.0000s ]
SQL: SELECT * FROM `gupiao_about` WHERE ( id = 3 ) ORDER BY id asc LIMIT 1   [ RunTime:0.0000s ]
INFO: [ view_parse ] --START--
INFO: [ template_filter ] --START--
INFO: Run Behavior\ContentReplaceBehavior [ RunTime:0.000000s ]
INFO: [ template_filter ] --END-- [ RunTime:0.000000s ]
INFO: Run Behavior\ParseTemplateBehavior [ RunTime:0.012001s ]
INFO: [ view_parse ] --END-- [ RunTime:0.012001s ]
INFO: [ view_filter ] --START--
INFO: Run Behavior\WriteHtmlCacheBehavior [ RunTime:0.001000s ]
INFO: [ view_filter ] --END-- [ RunTime:0.001000s ]
INFO: [ app_end ] --START--
INFO: Run Behavior\ShowPageTraceBehavior [ RunTime:0.002000s ]
INFO: [ app_end ] --END-- [ RunTime:0.002000s ]

[ 2018-01-24T16:48:12+08:00 ] 127.0.0.1 /about/4
INFO: [ app_init ] --START--
INFO: Run Behavior\BuildLiteBehavior [ RunTime:0.000000s ]
INFO: [ app_init ] --END-- [ RunTime:0.002000s ]
INFO: [ app_begin ] --START--
INFO: Run Behavior\ReadHtmlCacheBehavior [ RunTime:0.000000s ]
INFO: [ app_begin ] --END-- [ RunTime:0.000000s ]
SQL: SHOW COLUMNS FROM `gupiao_company` [ RunTime:0.0050s ]
SQL: SELECT * FROM `gupiao_company` LIMIT 1   [ RunTime:0.0000s ]
SQL: SHOW COLUMNS FROM `gupiao_code` [ RunTime:0.0070s ]
SQL: SELECT * FROM `gupiao_code` WHERE ( type = 1 ) LIMIT 1   [ RunTime:0.0010s ]
SQL: SHOW COLUMNS FROM `gupiao_banner` [ RunTime:0.0050s ]
SQL: SELECT * FROM `gupiao_banner` WHERE ( type = 1 )  [ RunTime:0.0000s ]
SQL: SHOW COLUMNS FROM `gupiao_about` [ RunTime:0.0050s ]
SQL: SELECT * FROM `gupiao_about` ORDER BY id asc  [ RunTime:0.0000s ]
SQL: SELECT * FROM `gupiao_about` WHERE ( id = 4 ) ORDER BY id asc LIMIT 1   [ RunTime:0.0010s ]
INFO: [ view_parse ] --START--
INFO: [ template_filter ] --START--
INFO: Run Behavior\ContentReplaceBehavior [ RunTime:0.001000s ]
INFO: [ template_filter ] --END-- [ RunTime:0.001000s ]
INFO: Run Behavior\ParseTemplateBehavior [ RunTime:0.008000s ]
INFO: [ view_parse ] --END-- [ RunTime:0.008000s ]
INFO: [ view_filter ] --START--
INFO: Run Behavior\WriteHtmlCacheBehavior [ RunTime:0.001000s ]
INFO: [ view_filter ] --END-- [ RunTime:0.001000s ]
INFO: [ app_end ] --START--
INFO: Run Behavior\ShowPageTraceBehavior [ RunTime:0.001000s ]
INFO: [ app_end ] --END-- [ RunTime:0.001000s ]

[ 2018-01-24T16:48:14+08:00 ] 127.0.0.1 /about/5
INFO: [ app_init ] --START--
INFO: Run Behavior\BuildLiteBehavior [ RunTime:0.000000s ]
INFO: [ app_init ] --END-- [ RunTime:0.001001s ]
INFO: [ app_begin ] --START--
INFO: Run Behavior\ReadHtmlCacheBehavior [ RunTime:0.001000s ]
INFO: [ app_begin ] --END-- [ RunTime:0.001000s ]
SQL: SHOW COLUMNS FROM `gupiao_company` [ RunTime:0.0040s ]
SQL: SELECT * FROM `gupiao_company` LIMIT 1   [ RunTime:0.0010s ]
SQL: SHOW COLUMNS FROM `gupiao_code` [ RunTime:0.0050s ]
SQL: SELECT * FROM `gupiao_code` WHERE ( type = 1 ) LIMIT 1   [ RunTime:0.0000s ]
SQL: SHOW COLUMNS FROM `gupiao_banner` [ RunTime:0.0060s ]
SQL: SELECT * FROM `gupiao_banner` WHERE ( type = 1 )  [ RunTime:0.0000s ]
SQL: SHOW COLUMNS FROM `gupiao_about` [ RunTime:0.0070s ]
SQL: SELECT * FROM `gupiao_about` ORDER BY id asc  [ RunTime:0.0010s ]
SQL: SELECT * FROM `gupiao_about` WHERE ( id = 5 ) ORDER BY id asc LIMIT 1   [ RunTime:0.0000s ]
INFO: [ view_parse ] --START--
INFO: [ template_filter ] --START--
INFO: Run Behavior\ContentReplaceBehavior [ RunTime:0.000000s ]
INFO: [ template_filter ] --END-- [ RunTime:0.000000s ]
INFO: Run Behavior\ParseTemplateBehavior [ RunTime:0.008000s ]
INFO: [ view_parse ] --END-- [ RunTime:0.008000s ]
INFO: [ view_filter ] --START--
INFO: Run Behavior\WriteHtmlCacheBehavior [ RunTime:0.001000s ]
INFO: [ view_filter ] --END-- [ RunTime:0.001000s ]
INFO: [ app_end ] --START--
INFO: Run Behavior\ShowPageTraceBehavior [ RunTime:0.001001s ]
INFO: [ app_end ] --END-- [ RunTime:0.001001s ]

[ 2018-01-24T16:48:15+08:00 ] 127.0.0.1 /about/6
INFO: [ app_init ] --START--
INFO: Run Behavior\BuildLiteBehavior [ RunTime:0.000000s ]
INFO: [ app_init ] --END-- [ RunTime:0.000000s ]
INFO: [ app_begin ] --START--
INFO: Run Behavior\ReadHtmlCacheBehavior [ RunTime:0.001000s ]
INFO: [ app_begin ] --END-- [ RunTime:0.001000s ]
SQL: SHOW COLUMNS FROM `gupiao_company` [ RunTime:0.0100s ]
SQL: SELECT * FROM `gupiao_company` LIMIT 1   [ RunTime:0.0000s ]
SQL: SHOW COLUMNS FROM `gupiao_code` [ RunTime:0.0060s ]
SQL: SELECT * FROM `gupiao_code` WHERE ( type = 1 ) LIMIT 1   [ RunTime:0.0010s ]
SQL: SHOW COLUMNS FROM `gupiao_banner` [ RunTime:0.0080s ]
SQL: SELECT * FROM `gupiao_banner` WHERE ( type = 1 )  [ RunTime:0.0010s ]
SQL: SHOW COLUMNS FROM `gupiao_about` [ RunTime:0.0070s ]
SQL: SELECT * FROM `gupiao_about` ORDER BY id asc  [ RunTime:0.0010s ]
SQL: SELECT * FROM `gupiao_about` WHERE ( id = 6 ) ORDER BY id asc LIMIT 1   [ RunTime:0.0010s ]
INFO: [ view_parse ] --START--
INFO: [ template_filter ] --START--
INFO: Run Behavior\ContentReplaceBehavior [ RunTime:0.000000s ]
INFO: [ template_filter ] --END-- [ RunTime:0.000000s ]
INFO: Run Behavior\ParseTemplateBehavior [ RunTime:0.011001s ]
INFO: [ view_parse ] --END-- [ RunTime:0.011001s ]
INFO: [ view_filter ] --START--
INFO: Run Behavior\WriteHtmlCacheBehavior [ RunTime:0.000000s ]
INFO: [ view_filter ] --END-- [ RunTime:0.000000s ]
INFO: [ app_end ] --START--
INFO: Run Behavior\ShowPageTraceBehavior [ RunTime:0.001000s ]
INFO: [ app_end ] --END-- [ RunTime:0.001000s ]

[ 2018-01-24T16:48:18+08:00 ] 127.0.0.1 /about/6.html
INFO: [ app_init ] --START--
INFO: Run Behavior\BuildLiteBehavior [ RunTime:0.000000s ]
INFO: [ app_init ] --END-- [ RunTime:0.000000s ]
INFO: [ app_begin ] --START--
INFO: Run Behavior\ReadHtmlCacheBehavior [ RunTime:0.002000s ]
INFO: [ app_begin ] --END-- [ RunTime:0.002000s ]
SQL: SHOW COLUMNS FROM `gupiao_company` [ RunTime:0.0120s ]
SQL: SELECT * FROM `gupiao_company` LIMIT 1   [ RunTime:0.0000s ]
SQL: SHOW COLUMNS FROM `gupiao_code` [ RunTime:0.0210s ]
SQL: SELECT * FROM `gupiao_code` WHERE ( type = 1 ) LIMIT 1   [ RunTime:0.0040s ]
SQL: SHOW COLUMNS FROM `gupiao_banner` [ RunTime:0.0210s ]
SQL: SELECT * FROM `gupiao_banner` WHERE ( type = 1 )  [ RunTime:0.0010s ]
SQL: SHOW COLUMNS FROM `gupiao_about` [ RunTime:0.0110s ]
SQL: SELECT * FROM `gupiao_about` ORDER BY id asc  [ RunTime:0.0010s ]
SQL: SELECT * FROM `gupiao_about` WHERE ( id = 6 ) ORDER BY id asc LIMIT 1   [ RunTime:0.0000s ]
INFO: [ view_parse ] --START--
INFO: [ template_filter ] --START--
INFO: Run Behavior\ContentReplaceBehavior [ RunTime:0.000000s ]
INFO: [ template_filter ] --END-- [ RunTime:0.000000s ]
INFO: Run Behavior\ParseTemplateBehavior [ RunTime:0.011000s ]
INFO: [ view_parse ] --END-- [ RunTime:0.011000s ]
INFO: [ view_filter ] --START--
INFO: Run Behavior\WriteHtmlCacheBehavior [ RunTime:0.001000s ]
INFO: [ view_filter ] --END-- [ RunTime:0.001000s ]
INFO: [ app_end ] --START--
INFO: Run Behavior\ShowPageTraceBehavior [ RunTime:0.003000s ]
INFO: [ app_end ] --END-- [ RunTime:0.003000s ]

[ 2018-01-24T16:48:21+08:00 ] 127.0.0.1 /agent.html
INFO: [ app_init ] --START--
INFO: Run Behavior\BuildLiteBehavior [ RunTime:0.000000s ]
INFO: [ app_init ] --END-- [ RunTime:0.001000s ]
INFO: [ app_begin ] --START--
INFO: Run Behavior\ReadHtmlCacheBehavior [ RunTime:0.001000s ]
INFO: [ app_begin ] --END-- [ RunTime:0.001000s ]
SQL: SHOW COLUMNS FROM `gupiao_company` [ RunTime:0.0060s ]
SQL: SELECT * FROM `gupiao_company` LIMIT 1   [ RunTime:0.0000s ]
SQL: SHOW COLUMNS FROM `gupiao_code` [ RunTime:0.0030s ]
SQL: SELECT * FROM `gupiao_code` WHERE ( type = 1 ) LIMIT 1   [ RunTime:0.0010s ]
SQL: SHOW COLUMNS FROM `gupiao_title_img` [ RunTime:0.0060s ]
SQL: SELECT * FROM `gupiao_title_img` WHERE ( type = 4 )  [ RunTime:0.0010s ]
INFO: [ view_parse ] --START--
INFO: [ template_filter ] --START--
INFO: Run Behavior\ContentReplaceBehavior [ RunTime:0.000000s ]
INFO: [ template_filter ] --END-- [ RunTime:0.000000s ]
INFO: Run Behavior\ParseTemplateBehavior [ RunTime:0.010001s ]
INFO: [ view_parse ] --END-- [ RunTime:0.010001s ]
INFO: [ view_filter ] --START--
INFO: Run Behavior\WriteHtmlCacheBehavior [ RunTime:0.000000s ]
INFO: [ view_filter ] --END-- [ RunTime:0.000000s ]
INFO: [ app_end ] --START--
INFO: Run Behavior\ShowPageTraceBehavior [ RunTime:0.001000s ]
INFO: [ app_end ] --END-- [ RunTime:0.001000s ]

[ 2018-01-24T16:48:24+08:00 ] 127.0.0.1 /about/6.html
INFO: [ app_init ] --START--
INFO: Run Behavior\BuildLiteBehavior [ RunTime:0.000000s ]
INFO: [ app_init ] --END-- [ RunTime:0.002000s ]
INFO: [ app_begin ] --START--
INFO: Run Behavior\ReadHtmlCacheBehavior [ RunTime:0.001000s ]
INFO: [ app_begin ] --END-- [ RunTime:0.001000s ]
SQL: SHOW COLUMNS FROM `gupiao_company` [ RunTime:0.0060s ]
SQL: SELECT * FROM `gupiao_company` LIMIT 1   [ RunTime:0.0000s ]
SQL: SHOW COLUMNS FROM `gupiao_code` [ RunTime:0.0060s ]
SQL: SELECT * FROM `gupiao_code` WHERE ( type = 1 ) LIMIT 1   [ RunTime:0.0010s ]
SQL: SHOW COLUMNS FROM `gupiao_banner` [ RunTime:0.0060s ]
SQL: SELECT * FROM `gupiao_banner` WHERE ( type = 1 )  [ RunTime:0.0000s ]
SQL: SHOW COLUMNS FROM `gupiao_about` [ RunTime:0.0060s ]
SQL: SELECT * FROM `gupiao_about` ORDER BY id asc  [ RunTime:0.0010s ]
SQL: SELECT * FROM `gupiao_about` WHERE ( id = 6 ) ORDER BY id asc LIMIT 1   [ RunTime:0.0000s ]
INFO: [ view_parse ] --START--
INFO: [ template_filter ] --START--
INFO: Run Behavior\ContentReplaceBehavior [ RunTime:0.000000s ]
INFO: [ template_filter ] --END-- [ RunTime:0.000000s ]
INFO: Run Behavior\ParseTemplateBehavior [ RunTime:0.008000s ]
INFO: [ view_parse ] --END-- [ RunTime:0.009000s ]
INFO: [ view_filter ] --START--
INFO: Run Behavior\WriteHtmlCacheBehavior [ RunTime:0.001000s ]
INFO: [ view_filter ] --END-- [ RunTime:0.001000s ]
INFO: [ app_end ] --START--
INFO: Run Behavior\ShowPageTraceBehavior [ RunTime:0.001001s ]
INFO: [ app_end ] --END-- [ RunTime:0.001001s ]

[ 2018-01-24T16:48:26+08:00 ] 127.0.0.1 /index.html
INFO: [ app_init ] --START--
INFO: Run Behavior\BuildLiteBehavior [ RunTime:0.000000s ]
INFO: [ app_init ] --END-- [ RunTime:0.003001s ]
INFO: [ app_begin ] --START--
INFO: Run Behavior\ReadHtmlCacheBehavior [ RunTime:0.003000s ]
INFO: [ app_begin ] --END-- [ RunTime:0.004000s ]
SQL: SHOW COLUMNS FROM `gupiao_company` [ RunTime:0.0130s ]
SQL: SELECT * FROM `gupiao_company` LIMIT 1   [ RunTime:0.0030s ]
SQL: SHOW COLUMNS FROM `gupiao_code` [ RunTime:0.0190s ]
SQL: SELECT * FROM `gupiao_code` WHERE ( type = 1 ) LIMIT 1   [ RunTime:0.0020s ]
SQL: SHOW COLUMNS FROM `gupiao_banner` [ RunTime:0.0380s ]
SQL: SELECT * FROM `gupiao_banner` WHERE ( type = 1 )  [ RunTime:0.0040s ]
SQL: SHOW COLUMNS FROM `gupiao_title_img` [ RunTime:0.0240s ]
SQL: SELECT * FROM `gupiao_title_img` WHERE ( type = 1 )  [ RunTime:0.0050s ]
SQL: SELECT * FROM `gupiao_code` WHERE ( type = 1 ) LIMIT 1   [ RunTime:0.0030s ]
SQL: SELECT * FROM `gupiao_code` WHERE ( type = 2 ) LIMIT 1   [ RunTime:0.0020s ]
INFO: [ view_parse ] --START--
INFO: [ template_filter ] --START--
INFO: Run Behavior\ContentReplaceBehavior [ RunTime:0.000000s ]
INFO: [ template_filter ] --END-- [ RunTime:0.000000s ]
INFO: Run Behavior\ParseTemplateBehavior [ RunTime:0.033002s ]
INFO: [ view_parse ] --END-- [ RunTime:0.033002s ]
INFO: [ view_filter ] --START--
INFO: Run Behavior\WriteHtmlCacheBehavior [ RunTime:0.001000s ]
INFO: [ view_filter ] --END-- [ RunTime:0.001000s ]
INFO: [ app_end ] --START--
INFO: Run Behavior\ShowPageTraceBehavior [ RunTime:0.006001s ]
INFO: [ app_end ] --END-- [ RunTime:0.006001s ]

[ 2018-01-24T16:48:48+08:00 ] 127.0.0.1 /options.html
INFO: [ app_init ] --START--
INFO: Run Behavior\BuildLiteBehavior [ RunTime:0.000000s ]
INFO: [ app_init ] --END-- [ RunTime:0.000000s ]
INFO: [ app_begin ] --START--
INFO: Run Behavior\ReadHtmlCacheBehavior [ RunTime:0.001000s ]
INFO: [ app_begin ] --END-- [ RunTime:0.001000s ]
SQL: SHOW COLUMNS FROM `gupiao_company` [ RunTime:0.0100s ]
SQL: SELECT * FROM `gupiao_company` LIMIT 1   [ RunTime:0.0000s ]
SQL: SHOW COLUMNS FROM `gupiao_code` [ RunTime:0.0080s ]
SQL: SELECT * FROM `gupiao_code` WHERE ( type = 1 ) LIMIT 1   [ RunTime:0.0000s ]
SQL: SHOW COLUMNS FROM `gupiao_banner` [ RunTime:0.0070s ]
SQL: SELECT * FROM `gupiao_banner` WHERE ( type = 1 )  [ RunTime:0.0000s ]
SQL: SHOW COLUMNS FROM `gupiao_title_img` [ RunTime:0.0090s ]
SQL: SELECT * FROM `gupiao_title_img` WHERE ( type = 2 )  [ RunTime:0.0010s ]
INFO: [ view_parse ] --START--
INFO: [ template_filter ] --START--
INFO: Run Behavior\ContentReplaceBehavior [ RunTime:0.000000s ]
INFO: [ template_filter ] --END-- [ RunTime:0.000000s ]
INFO: Run Behavior\ParseTemplateBehavior [ RunTime:0.012000s ]
INFO: [ view_parse ] --END-- [ RunTime:0.012000s ]
INFO: [ view_filter ] --START--
INFO: Run Behavior\WriteHtmlCacheBehavior [ RunTime:0.002000s ]
INFO: [ view_filter ] --END-- [ RunTime:0.002000s ]
INFO: [ app_end ] --START--
INFO: Run Behavior\ShowPageTraceBehavior [ RunTime:0.001000s ]
INFO: [ app_end ] --END-- [ RunTime:0.001000s ]

[ 2018-01-24T16:49:02+08:00 ] 127.0.0.1 /plan.html
INFO: [ app_init ] --START--
INFO: Run Behavior\BuildLiteBehavior [ RunTime:0.000000s ]
INFO: [ app_init ] --END-- [ RunTime:0.000000s ]
INFO: [ app_begin ] --START--
INFO: Run Behavior\ReadHtmlCacheBehavior [ RunTime:0.001000s ]
INFO: [ app_begin ] --END-- [ RunTime:0.001000s ]
SQL: SHOW COLUMNS FROM `gupiao_company` [ RunTime:0.0070s ]
SQL: SELECT * FROM `gupiao_company` LIMIT 1   [ RunTime:0.0000s ]
SQL: SHOW COLUMNS FROM `gupiao_code` [ RunTime:0.0080s ]
SQL: SELECT * FROM `gupiao_code` WHERE ( type = 1 ) LIMIT 1   [ RunTime:0.0010s ]
SQL: SHOW COLUMNS FROM `gupiao_banner` [ RunTime:0.0070s ]
SQL: SELECT * FROM `gupiao_banner` WHERE ( type = 1 )  [ RunTime:0.0000s ]
SQL: SHOW COLUMNS FROM `gupiao_title_img` [ RunTime:0.0070s ]
SQL: SELECT * FROM `gupiao_title_img` WHERE ( type = 3 )  [ RunTime:0.0000s ]
INFO: [ view_parse ] --START--
INFO: [ template_filter ] --START--
INFO: Run Behavior\ContentReplaceBehavior [ RunTime:0.000000s ]
INFO: [ template_filter ] --END-- [ RunTime:0.000000s ]
INFO: Run Behavior\ParseTemplateBehavior [ RunTime:0.009001s ]
INFO: [ view_parse ] --END-- [ RunTime:0.009001s ]
INFO: [ view_filter ] --START--
INFO: Run Behavior\WriteHtmlCacheBehavior [ RunTime:0.000000s ]
INFO: [ view_filter ] --END-- [ RunTime:0.001000s ]
INFO: [ app_end ] --START--
INFO: Run Behavior\ShowPageTraceBehavior [ RunTime:0.001000s ]
INFO: [ app_end ] --END-- [ RunTime:0.001000s ]

[ 2018-01-24T16:49:06+08:00 ] 127.0.0.1 /index.html
INFO: [ app_init ] --START--
INFO: Run Behavior\BuildLiteBehavior [ RunTime:0.000000s ]
INFO: [ app_init ] --END-- [ RunTime:0.000000s ]
INFO: [ app_begin ] --START--
INFO: Run Behavior\ReadHtmlCacheBehavior [ RunTime:0.000000s ]
INFO: [ app_begin ] --END-- [ RunTime:0.000000s ]
SQL: SHOW COLUMNS FROM `gupiao_company` [ RunTime:0.0060s ]
SQL: SELECT * FROM `gupiao_company` LIMIT 1   [ RunTime:0.0000s ]
SQL: SHOW COLUMNS FROM `gupiao_code` [ RunTime:0.0060s ]
SQL: SELECT * FROM `gupiao_code` WHERE ( type = 1 ) LIMIT 1   [ RunTime:0.0000s ]
SQL: SHOW COLUMNS FROM `gupiao_banner` [ RunTime:0.0080s ]
SQL: SELECT * FROM `gupiao_banner` WHERE ( type = 1 )  [ RunTime:0.0010s ]
SQL: SHOW COLUMNS FROM `gupiao_title_img` [ RunTime:0.0060s ]
SQL: SELECT * FROM `gupiao_title_img` WHERE ( type = 1 )  [ RunTime:0.0010s ]
SQL: SELECT * FROM `gupiao_code` WHERE ( type = 1 ) LIMIT 1   [ RunTime:0.0000s ]
SQL: SELECT * FROM `gupiao_code` WHERE ( type = 2 ) LIMIT 1   [ RunTime:0.0000s ]
INFO: [ view_parse ] --START--
INFO: [ template_filter ] --START--
INFO: Run Behavior\ContentReplaceBehavior [ RunTime:0.000000s ]
INFO: [ template_filter ] --END-- [ RunTime:0.000000s ]
INFO: Run Behavior\ParseTemplateBehavior [ RunTime:0.011001s ]
INFO: [ view_parse ] --END-- [ RunTime:0.011001s ]
INFO: [ view_filter ] --START--
INFO: Run Behavior\WriteHtmlCacheBehavior [ RunTime:0.001000s ]
INFO: [ view_filter ] --END-- [ RunTime:0.001000s ]
INFO: [ app_end ] --START--
INFO: Run Behavior\ShowPageTraceBehavior [ RunTime:0.001000s ]
INFO: [ app_end ] --END-- [ RunTime:0.001000s ]

[ 2018-01-24T16:49:16+08:00 ] 127.0.0.1 /about.html
INFO: [ app_init ] --START--
INFO: Run Behavior\BuildLiteBehavior [ RunTime:0.000000s ]
INFO: [ app_init ] --END-- [ RunTime:0.000000s ]
INFO: [ app_begin ] --START--
INFO: Run Behavior\ReadHtmlCacheBehavior [ RunTime:0.001000s ]
INFO: [ app_begin ] --END-- [ RunTime:0.001000s ]
SQL: SHOW COLUMNS FROM `gupiao_company` [ RunTime:0.0070s ]
SQL: SELECT * FROM `gupiao_company` LIMIT 1   [ RunTime:0.0010s ]
SQL: SHOW COLUMNS FROM `gupiao_code` [ RunTime:0.0070s ]
SQL: SELECT * FROM `gupiao_code` WHERE ( type = 1 ) LIMIT 1   [ RunTime:0.0010s ]
SQL: SHOW COLUMNS FROM `gupiao_banner` [ RunTime:0.0060s ]
SQL: SELECT * FROM `gupiao_banner` WHERE ( type = 1 )  [ RunTime:0.0010s ]
SQL: SHOW COLUMNS FROM `gupiao_about` [ RunTime:0.0060s ]
SQL: SELECT * FROM `gupiao_about` ORDER BY id asc  [ RunTime:0.0010s ]
SQL: SELECT * FROM `gupiao_about` ORDER BY id asc LIMIT 1   [ RunTime:0.0000s ]
INFO: [ view_parse ] --START--
INFO: [ template_filter ] --START--
INFO: Run Behavior\ContentReplaceBehavior [ RunTime:0.000000s ]
INFO: [ template_filter ] --END-- [ RunTime:0.000000s ]
INFO: Run Behavior\ParseTemplateBehavior [ RunTime:0.009000s ]
INFO: [ view_parse ] --END-- [ RunTime:0.009000s ]
INFO: [ view_filter ] --START--
INFO: Run Behavior\WriteHtmlCacheBehavior [ RunTime:0.000000s ]
INFO: [ view_filter ] --END-- [ RunTime:0.000000s ]
INFO: [ app_end ] --START--
INFO: Run Behavior\ShowPageTraceBehavior [ RunTime:0.001000s ]
INFO: [ app_end ] --END-- [ RunTime:0.001000s ]

[ 2018-01-24T16:49:23+08:00 ] 127.0.0.1 /about/2
INFO: [ app_init ] --START--
INFO: Run Behavior\BuildLiteBehavior [ RunTime:0.000000s ]
INFO: [ app_init ] --END-- [ RunTime:0.001000s ]
INFO: [ app_begin ] --START--
INFO: Run Behavior\ReadHtmlCacheBehavior [ RunTime:0.001000s ]
INFO: [ app_begin ] --END-- [ RunTime:0.002000s ]
SQL: SHOW COLUMNS FROM `gupiao_company` [ RunTime:0.0230s ]
SQL: SELECT * FROM `gupiao_company` LIMIT 1   [ RunTime:0.0000s ]
SQL: SHOW COLUMNS FROM `gupiao_code` [ RunTime:0.0090s ]
SQL: SELECT * FROM `gupiao_code` WHERE ( type = 1 ) LIMIT 1   [ RunTime:0.0000s ]
SQL: SHOW COLUMNS FROM `gupiao_banner` [ RunTime:0.0170s ]
SQL: SELECT * FROM `gupiao_banner` WHERE ( type = 1 )  [ RunTime:0.0000s ]
SQL: SHOW COLUMNS FROM `gupiao_about` [ RunTime:0.0160s ]
SQL: SELECT * FROM `gupiao_about` ORDER BY id asc  [ RunTime:0.0040s ]
SQL: SELECT * FROM `gupiao_about` WHERE ( id = 2 ) ORDER BY id asc LIMIT 1   [ RunTime:0.0020s ]
INFO: [ view_parse ] --START--
INFO: [ template_filter ] --START--
INFO: Run Behavior\ContentReplaceBehavior [ RunTime:0.000000s ]
INFO: [ template_filter ] --END-- [ RunTime:0.001001s ]
INFO: Run Behavior\ParseTemplateBehavior [ RunTime:0.021001s ]
INFO: [ view_parse ] --END-- [ RunTime:0.021001s ]
INFO: [ view_filter ] --START--
INFO: Run Behavior\WriteHtmlCacheBehavior [ RunTime:0.001000s ]
INFO: [ view_filter ] --END-- [ RunTime:0.001000s ]
INFO: [ app_end ] --START--
INFO: Run Behavior\ShowPageTraceBehavior [ RunTime:0.003000s ]
INFO: [ app_end ] --END-- [ RunTime:0.003000s ]

[ 2018-01-24T16:49:25+08:00 ] 127.0.0.1 /about/3
INFO: [ app_init ] --START--
INFO: Run Behavior\BuildLiteBehavior [ RunTime:0.000000s ]
INFO: [ app_init ] --END-- [ RunTime:0.000000s ]
INFO: [ app_begin ] --START--
INFO: Run Behavior\ReadHtmlCacheBehavior [ RunTime:0.002000s ]
INFO: [ app_begin ] --END-- [ RunTime:0.002000s ]
SQL: SHOW COLUMNS FROM `gupiao_company` [ RunTime:0.0060s ]
SQL: SELECT * FROM `gupiao_company` LIMIT 1   [ RunTime:0.0000s ]
SQL: SHOW COLUMNS FROM `gupiao_code` [ RunTime:0.0060s ]
SQL: SELECT * FROM `gupiao_code` WHERE ( type = 1 ) LIMIT 1   [ RunTime:0.0000s ]
SQL: SHOW COLUMNS FROM `gupiao_banner` [ RunTime:0.0070s ]
SQL: SELECT * FROM `gupiao_banner` WHERE ( type = 1 )  [ RunTime:0.0000s ]
SQL: SHOW COLUMNS FROM `gupiao_about` [ RunTime:0.0040s ]
SQL: SELECT * FROM `gupiao_about` ORDER BY id asc  [ RunTime:0.0010s ]
SQL: SELECT * FROM `gupiao_about` WHERE ( id = 3 ) ORDER BY id asc LIMIT 1   [ RunTime:0.0000s ]
INFO: [ view_parse ] --START--
INFO: [ template_filter ] --START--
INFO: Run Behavior\ContentReplaceBehavior [ RunTime:0.000000s ]
INFO: [ template_filter ] --END-- [ RunTime:0.000000s ]
INFO: Run Behavior\ParseTemplateBehavior [ RunTime:0.011001s ]
INFO: [ view_parse ] --END-- [ RunTime:0.011001s ]
INFO: [ view_filter ] --START--
INFO: Run Behavior\WriteHtmlCacheBehavior [ RunTime:0.000000s ]
INFO: [ view_filter ] --END-- [ RunTime:0.000000s ]
INFO: [ app_end ] --START--
INFO: Run Behavior\ShowPageTraceBehavior [ RunTime:0.000000s ]
INFO: [ app_end ] --END-- [ RunTime:0.000000s ]

[ 2018-01-24T16:49:38+08:00 ] 127.0.0.1 /about/4
INFO: [ app_init ] --START--
INFO: Run Behavior\BuildLiteBehavior [ RunTime:0.000000s ]
INFO: [ app_init ] --END-- [ RunTime:0.001000s ]
INFO: [ app_begin ] --START--
INFO: Run Behavior\ReadHtmlCacheBehavior [ RunTime:0.001000s ]
INFO: [ app_begin ] --END-- [ RunTime:0.001000s ]
SQL: SHOW COLUMNS FROM `gupiao_company` [ RunTime:0.0130s ]
SQL: SELECT * FROM `gupiao_company` LIMIT 1   [ RunTime:0.0010s ]
SQL: SHOW COLUMNS FROM `gupiao_code` [ RunTime:0.0130s ]
SQL: SELECT * FROM `gupiao_code` WHERE ( type = 1 ) LIMIT 1   [ RunTime:0.0000s ]
SQL: SHOW COLUMNS FROM `gupiao_banner` [ RunTime:0.0160s ]
SQL: SELECT * FROM `gupiao_banner` WHERE ( type = 1 )  [ RunTime:0.0000s ]
SQL: SHOW COLUMNS FROM `gupiao_about` [ RunTime:0.0180s ]
SQL: SELECT * FROM `gupiao_about` ORDER BY id asc  [ RunTime:0.0010s ]
SQL: SELECT * FROM `gupiao_about` WHERE ( id = 4 ) ORDER BY id asc LIMIT 1   [ RunTime:0.0020s ]
INFO: [ view_parse ] --START--
INFO: [ template_filter ] --START--
INFO: Run Behavior\ContentReplaceBehavior [ RunTime:0.001000s ]
INFO: [ template_filter ] --END-- [ RunTime:0.001000s ]
INFO: Run Behavior\ParseTemplateBehavior [ RunTime:0.017001s ]
INFO: [ view_parse ] --END-- [ RunTime:0.017001s ]
INFO: [ view_filter ] --START--
INFO: Run Behavior\WriteHtmlCacheBehavior [ RunTime:0.001000s ]
INFO: [ view_filter ] --END-- [ RunTime:0.001000s ]
INFO: [ app_end ] --START--
INFO: Run Behavior\ShowPageTraceBehavior [ RunTime:0.001000s ]
INFO: [ app_end ] --END-- [ RunTime:0.001000s ]

[ 2018-01-24T16:49:41+08:00 ] 127.0.0.1 /about/6
INFO: [ app_init ] --START--
INFO: Run Behavior\BuildLiteBehavior [ RunTime:0.000000s ]
INFO: [ app_init ] --END-- [ RunTime:0.000000s ]
INFO: [ app_begin ] --START--
INFO: Run Behavior\ReadHtmlCacheBehavior [ RunTime:0.001000s ]
INFO: [ app_begin ] --END-- [ RunTime:0.001000s ]
SQL: SHOW COLUMNS FROM `gupiao_company` [ RunTime:0.0050s ]
SQL: SELECT * FROM `gupiao_company` LIMIT 1   [ RunTime:0.0010s ]
SQL: SHOW COLUMNS FROM `gupiao_code` [ RunTime:0.0060s ]
SQL: SELECT * FROM `gupiao_code` WHERE ( type = 1 ) LIMIT 1   [ RunTime:0.0000s ]
SQL: SHOW COLUMNS FROM `gupiao_banner` [ RunTime:0.0060s ]
SQL: SELECT * FROM `gupiao_banner` WHERE ( type = 1 )  [ RunTime:0.0000s ]
SQL: SHOW COLUMNS FROM `gupiao_about` [ RunTime:0.0060s ]
SQL: SELECT * FROM `gupiao_about` ORDER BY id asc  [ RunTime:0.0010s ]
SQL: SELECT * FROM `gupiao_about` WHERE ( id = 6 ) ORDER BY id asc LIMIT 1   [ RunTime:0.0010s ]
INFO: [ view_parse ] --START--
INFO: [ template_filter ] --START--
INFO: Run Behavior\ContentReplaceBehavior [ RunTime:0.000000s ]
INFO: [ template_filter ] --END-- [ RunTime:0.000000s ]
INFO: Run Behavior\ParseTemplateBehavior [ RunTime:0.012001s ]
INFO: [ view_parse ] --END-- [ RunTime:0.012001s ]
INFO: [ view_filter ] --START--
INFO: Run Behavior\WriteHtmlCacheBehavior [ RunTime:0.001000s ]
INFO: [ view_filter ] --END-- [ RunTime:0.001000s ]
INFO: [ app_end ] --START--
INFO: Run Behavior\ShowPageTraceBehavior [ RunTime:0.001000s ]
INFO: [ app_end ] --END-- [ RunTime:0.002000s ]

[ 2018-01-24T16:49:49+08:00 ] 127.0.0.1 /agent.html
INFO: [ app_init ] --START--
INFO: Run Behavior\BuildLiteBehavior [ RunTime:0.000000s ]
INFO: [ app_init ] --END-- [ RunTime:0.001000s ]
INFO: [ app_begin ] --START--
INFO: Run Behavior\ReadHtmlCacheBehavior [ RunTime:0.002001s ]
INFO: [ app_begin ] --END-- [ RunTime:0.002001s ]
SQL: SHOW COLUMNS FROM `gupiao_company` [ RunTime:0.0240s ]
SQL: SELECT * FROM `gupiao_company` LIMIT 1   [ RunTime:0.0000s ]
SQL: SHOW COLUMNS FROM `gupiao_code` [ RunTime:0.0130s ]
SQL: SELECT * FROM `gupiao_code` WHERE ( type = 1 ) LIMIT 1   [ RunTime:0.0000s ]
SQL: SHOW COLUMNS FROM `gupiao_title_img` [ RunTime:0.0110s ]
SQL: SELECT * FROM `gupiao_title_img` WHERE ( type = 4 )  [ RunTime:0.0000s ]
INFO: [ view_parse ] --START--
INFO: [ template_filter ] --START--
INFO: Run Behavior\ContentReplaceBehavior [ RunTime:0.000000s ]
INFO: [ template_filter ] --END-- [ RunTime:0.000000s ]
INFO: Run Behavior\ParseTemplateBehavior [ RunTime:0.022001s ]
INFO: [ view_parse ] --END-- [ RunTime:0.022001s ]
INFO: [ view_filter ] --START--
INFO: Run Behavior\WriteHtmlCacheBehavior [ RunTime:0.000000s ]
INFO: [ view_filter ] --END-- [ RunTime:0.001000s ]
INFO: [ app_end ] --START--
INFO: Run Behavior\ShowPageTraceBehavior [ RunTime:0.001000s ]
INFO: [ app_end ] --END-- [ RunTime:0.001000s ]

[ 2018-01-24T16:50:59+08:00 ] 127.0.0.1 /agent.html
INFO: [ app_init ] --START--
INFO: Run Behavior\BuildLiteBehavior [ RunTime:0.000000s ]
INFO: [ app_init ] --END-- [ RunTime:0.001000s ]
INFO: [ app_begin ] --START--
INFO: Run Behavior\ReadHtmlCacheBehavior [ RunTime:0.001000s ]
INFO: [ app_begin ] --END-- [ RunTime:0.001000s ]
SQL: SHOW COLUMNS FROM `gupiao_company` [ RunTime:0.0080s ]
SQL: SELECT * FROM `gupiao_company` LIMIT 1   [ RunTime:0.0000s ]
SQL: SHOW COLUMNS FROM `gupiao_code` [ RunTime:0.0060s ]
SQL: SELECT * FROM `gupiao_code` WHERE ( type = 1 ) LIMIT 1   [ RunTime:0.0000s ]
SQL: SHOW COLUMNS FROM `gupiao_title_img` [ RunTime:0.0060s ]
SQL: SELECT * FROM `gupiao_title_img` WHERE ( type = 4 )  [ RunTime:0.0000s ]
INFO: [ view_parse ] --START--
INFO: [ template_filter ] --START--
INFO: Run Behavior\ContentReplaceBehavior [ RunTime:0.000000s ]
INFO: [ template_filter ] --END-- [ RunTime:0.000000s ]
INFO: Run Behavior\ParseTemplateBehavior [ RunTime:0.007001s ]
INFO: [ view_parse ] --END-- [ RunTime:0.007001s ]
INFO: [ view_filter ] --START--
INFO: Run Behavior\WriteHtmlCacheBehavior [ RunTime:0.001000s ]
INFO: [ view_filter ] --END-- [ RunTime:0.001000s ]
INFO: [ app_end ] --START--
INFO: Run Behavior\ShowPageTraceBehavior [ RunTime:0.001000s ]
INFO: [ app_end ] --END-- [ RunTime:0.001000s ]

[ 2018-01-24T16:51:01+08:00 ] 127.0.0.1 /about/6.html
INFO: [ app_init ] --START--
INFO: Run Behavior\BuildLiteBehavior [ RunTime:0.000000s ]
INFO: [ app_init ] --END-- [ RunTime:0.001000s ]
INFO: [ app_begin ] --START--
INFO: Run Behavior\ReadHtmlCacheBehavior [ RunTime:0.001000s ]
INFO: [ app_begin ] --END-- [ RunTime:0.001000s ]
SQL: SHOW COLUMNS FROM `gupiao_company` [ RunTime:0.0080s ]
SQL: SELECT * FROM `gupiao_company` LIMIT 1   [ RunTime:0.0000s ]
SQL: SHOW COLUMNS FROM `gupiao_code` [ RunTime:0.0060s ]
SQL: SELECT * FROM `gupiao_code` WHERE ( type = 1 ) LIMIT 1   [ RunTime:0.0000s ]
SQL: SHOW COLUMNS FROM `gupiao_banner` [ RunTime:0.0070s ]
SQL: SELECT * FROM `gupiao_banner` WHERE ( type = 1 )  [ RunTime:0.0000s ]
SQL: SHOW COLUMNS FROM `gupiao_about` [ RunTime:0.0100s ]
SQL: SELECT * FROM `gupiao_about` ORDER BY id asc  [ RunTime:0.0010s ]
SQL: SELECT * FROM `gupiao_about` WHERE ( id = 6 ) ORDER BY id asc LIMIT 1   [ RunTime:0.0000s ]
INFO: [ view_parse ] --START--
INFO: [ template_filter ] --START--
INFO: Run Behavior\ContentReplaceBehavior [ RunTime:0.001000s ]
INFO: [ template_filter ] --END-- [ RunTime:0.001000s ]
INFO: Run Behavior\ParseTemplateBehavior [ RunTime:0.008000s ]
INFO: [ view_parse ] --END-- [ RunTime:0.008000s ]
INFO: [ view_filter ] --START--
INFO: Run Behavior\WriteHtmlCacheBehavior [ RunTime:0.001000s ]
INFO: [ view_filter ] --END-- [ RunTime:0.001000s ]
INFO: [ app_end ] --START--
INFO: Run Behavior\ShowPageTraceBehavior [ RunTime:0.001000s ]
INFO: [ app_end ] --END-- [ RunTime:0.001000s ]

[ 2018-01-24T16:51:03+08:00 ] 127.0.0.1 /index.html
INFO: [ app_init ] --START--
INFO: Run Behavior\BuildLiteBehavior [ RunTime:0.000000s ]
INFO: [ app_init ] --END-- [ RunTime:0.001000s ]
INFO: [ app_begin ] --START--
INFO: Run Behavior\ReadHtmlCacheBehavior [ RunTime:0.000000s ]
INFO: [ app_begin ] --END-- [ RunTime:0.001000s ]
SQL: SHOW COLUMNS FROM `gupiao_company` [ RunTime:0.0060s ]
SQL: SELECT * FROM `gupiao_company` LIMIT 1   [ RunTime:0.0020s ]
SQL: SHOW COLUMNS FROM `gupiao_code` [ RunTime:0.0080s ]
SQL: SELECT * FROM `gupiao_code` WHERE ( type = 1 ) LIMIT 1   [ RunTime:0.0000s ]
SQL: SHOW COLUMNS FROM `gupiao_banner` [ RunTime:0.0070s ]
SQL: SELECT * FROM `gupiao_banner` WHERE ( type = 1 )  [ RunTime:0.0000s ]
SQL: SHOW COLUMNS FROM `gupiao_title_img` [ RunTime:0.0060s ]
SQL: SELECT * FROM `gupiao_title_img` WHERE ( type = 1 )  [ RunTime:0.0000s ]
SQL: SELECT * FROM `gupiao_code` WHERE ( type = 1 ) LIMIT 1   [ RunTime:0.0000s ]
SQL: SELECT * FROM `gupiao_code` WHERE ( type = 2 ) LIMIT 1   [ RunTime:0.0010s ]
INFO: [ view_parse ] --START--
INFO: [ template_filter ] --START--
INFO: Run Behavior\ContentReplaceBehavior [ RunTime:0.000000s ]
INFO: [ template_filter ] --END-- [ RunTime:0.000000s ]
INFO: Run Behavior\ParseTemplateBehavior [ RunTime:0.009001s ]
INFO: [ view_parse ] --END-- [ RunTime:0.009001s ]
INFO: [ view_filter ] --START--
INFO: Run Behavior\WriteHtmlCacheBehavior [ RunTime:0.000000s ]
INFO: [ view_filter ] --END-- [ RunTime:0.000000s ]
INFO: [ app_end ] --START--
INFO: Run Behavior\ShowPageTraceBehavior [ RunTime:0.001000s ]
INFO: [ app_end ] --END-- [ RunTime:0.001000s ]

[ 2018-01-24T16:51:44+08:00 ] 127.0.0.1 /plan.html
INFO: [ app_init ] --START--
INFO: Run Behavior\BuildLiteBehavior [ RunTime:0.000000s ]
INFO: [ app_init ] --END-- [ RunTime:0.001000s ]
INFO: [ app_begin ] --START--
INFO: Run Behavior\ReadHtmlCacheBehavior [ RunTime:0.001000s ]
INFO: [ app_begin ] --END-- [ RunTime:0.001000s ]
SQL: SHOW COLUMNS FROM `gupiao_company` [ RunTime:0.0060s ]
SQL: SELECT * FROM `gupiao_company` LIMIT 1   [ RunTime:0.0010s ]
SQL: SHOW COLUMNS FROM `gupiao_code` [ RunTime:0.0050s ]
SQL: SELECT * FROM `gupiao_code` WHERE ( type = 1 ) LIMIT 1   [ RunTime:0.0010s ]
SQL: SHOW COLUMNS FROM `gupiao_banner` [ RunTime:0.0070s ]
SQL: SELECT * FROM `gupiao_banner` WHERE ( type = 1 )  [ RunTime:0.0000s ]
SQL: SHOW COLUMNS FROM `gupiao_title_img` [ RunTime:0.0070s ]
SQL: SELECT * FROM `gupiao_title_img` WHERE ( type = 3 )  [ RunTime:0.0000s ]
INFO: [ view_parse ] --START--
INFO: [ template_filter ] --START--
INFO: Run Behavior\ContentReplaceBehavior [ RunTime:0.001000s ]
INFO: [ template_filter ] --END-- [ RunTime:0.001000s ]
INFO: Run Behavior\ParseTemplateBehavior [ RunTime:0.008001s ]
INFO: [ view_parse ] --END-- [ RunTime:0.008001s ]
INFO: [ view_filter ] --START--
INFO: Run Behavior\WriteHtmlCacheBehavior [ RunTime:0.001000s ]
INFO: [ view_filter ] --END-- [ RunTime:0.001000s ]
INFO: [ app_end ] --START--
INFO: Run Behavior\ShowPageTraceBehavior [ RunTime:0.001000s ]
INFO: [ app_end ] --END-- [ RunTime:0.001000s ]

[ 2018-01-24T16:51:53+08:00 ] 127.0.0.1 /options.html
INFO: [ app_init ] --START--
INFO: Run Behavior\BuildLiteBehavior [ RunTime:0.000000s ]
INFO: [ app_init ] --END-- [ RunTime:0.001000s ]
INFO: [ app_begin ] --START--
INFO: Run Behavior\ReadHtmlCacheBehavior [ RunTime:0.001000s ]
INFO: [ app_begin ] --END-- [ RunTime:0.001000s ]
SQL: SHOW COLUMNS FROM `gupiao_company` [ RunTime:0.0060s ]
SQL: SELECT * FROM `gupiao_company` LIMIT 1   [ RunTime:0.0000s ]
SQL: SHOW COLUMNS FROM `gupiao_code` [ RunTime:0.0070s ]
SQL: SELECT * FROM `gupiao_code` WHERE ( type = 1 ) LIMIT 1   [ RunTime:0.0000s ]
SQL: SHOW COLUMNS FROM `gupiao_banner` [ RunTime:0.0060s ]
SQL: SELECT * FROM `gupiao_banner` WHERE ( type = 1 )  [ RunTime:0.0010s ]
SQL: SHOW COLUMNS FROM `gupiao_title_img` [ RunTime:0.0050s ]
SQL: SELECT * FROM `gupiao_title_img` WHERE ( type = 2 )  [ RunTime:0.0000s ]
INFO: [ view_parse ] --START--
INFO: [ template_filter ] --START--
INFO: Run Behavior\ContentReplaceBehavior [ RunTime:0.000000s ]
INFO: [ template_filter ] --END-- [ RunTime:0.000000s ]
INFO: Run Behavior\ParseTemplateBehavior [ RunTime:0.009001s ]
INFO: [ view_parse ] --END-- [ RunTime:0.009001s ]
INFO: [ view_filter ] --START--
INFO: Run Behavior\WriteHtmlCacheBehavior [ RunTime:0.001000s ]
INFO: [ view_filter ] --END-- [ RunTime:0.001000s ]
INFO: [ app_end ] --START--
INFO: Run Behavior\ShowPageTraceBehavior [ RunTime:0.001000s ]
INFO: [ app_end ] --END-- [ RunTime:0.001000s ]

[ 2018-01-24T16:51:54+08:00 ] 127.0.0.1 /plan.html
INFO: [ app_init ] --START--
INFO: Run Behavior\BuildLiteBehavior [ RunTime:0.000000s ]
INFO: [ app_init ] --END-- [ RunTime:0.000000s ]
INFO: [ app_begin ] --START--
INFO: Run Behavior\ReadHtmlCacheBehavior [ RunTime:0.001000s ]
INFO: [ app_begin ] --END-- [ RunTime:0.001000s ]
SQL: SHOW COLUMNS FROM `gupiao_company` [ RunTime:0.0070s ]
SQL: SELECT * FROM `gupiao_company` LIMIT 1   [ RunTime:0.0000s ]
SQL: SHOW COLUMNS FROM `gupiao_code` [ RunTime:0.0060s ]
SQL: SELECT * FROM `gupiao_code` WHERE ( type = 1 ) LIMIT 1   [ RunTime:0.0000s ]
SQL: SHOW COLUMNS FROM `gupiao_banner` [ RunTime:0.0060s ]
SQL: SELECT * FROM `gupiao_banner` WHERE ( type = 1 )  [ RunTime:0.0000s ]
SQL: SHOW COLUMNS FROM `gupiao_title_img` [ RunTime:0.0080s ]
SQL: SELECT * FROM `gupiao_title_img` WHERE ( type = 3 )  [ RunTime:0.0020s ]
INFO: [ view_parse ] --START--
INFO: [ template_filter ] --START--
INFO: Run Behavior\ContentReplaceBehavior [ RunTime:0.000000s ]
INFO: [ template_filter ] --END-- [ RunTime:0.000000s ]
INFO: Run Behavior\ParseTemplateBehavior [ RunTime:0.013001s ]
INFO: [ view_parse ] --END-- [ RunTime:0.013001s ]
INFO: [ view_filter ] --START--
INFO: Run Behavior\WriteHtmlCacheBehavior [ RunTime:0.001000s ]
INFO: [ view_filter ] --END-- [ RunTime:0.001000s ]
INFO: [ app_end ] --START--
INFO: Run Behavior\ShowPageTraceBehavior [ RunTime:0.001000s ]
INFO: [ app_end ] --END-- [ RunTime:0.001000s ]

