[ 2018-01-20T14:03:49+08:00 ] 192.168.0.101 /index.php/
INFO: [ app_init ] --START--
INFO: Run Behavior\BuildLiteBehavior [ RunTime:0.000000s ]
INFO: [ app_init ] --END-- [ RunTime:0.001000s ]
INFO: [ app_begin ] --START--
INFO: Run Behavior\ReadHtmlCacheBehavior [ RunTime:0.001000s ]
INFO: [ app_begin ] --END-- [ RunTime:0.001000s ]
SQL: SHOW COLUMNS FROM `gupiao_company` [ RunTime:0.0890s ]
SQL: SELECT * FROM `gupiao_company` LIMIT 1   [ RunTime:0.0010s ]
SQL: SHOW COLUMNS FROM `gupiao_code` [ RunTime:0.0390s ]
SQL: SELECT * FROM `gupiao_code` WHERE ( type = 1 ) LIMIT 1   [ RunTime:0.0010s ]
SQL: SHOW COLUMNS FROM `gupiao_banner` [ RunTime:0.0210s ]
SQL: SELECT * FROM `gupiao_banner` WHERE ( type = 1 )  [ RunTime:0.0000s ]
SQL: SHOW COLUMNS FROM `gupiao_title_img` [ RunTime:0.0350s ]
SQL: SELECT * FROM `gupiao_title_img` WHERE ( type = 1 )  [ RunTime:0.0010s ]
SQL: SELECT * FROM `gupiao_code` WHERE ( type = 1 ) LIMIT 1   [ RunTime:0.0000s ]
SQL: SELECT * FROM `gupiao_code` WHERE ( type = 2 ) LIMIT 1   [ RunTime:0.0000s ]
INFO: [ view_parse ] --START--
INFO: [ template_filter ] --START--
INFO: Run Behavior\ContentReplaceBehavior [ RunTime:0.000000s ]
INFO: [ template_filter ] --END-- [ RunTime:0.001000s ]
INFO: Run Behavior\ParseTemplateBehavior [ RunTime:0.012001s ]
INFO: [ view_parse ] --END-- [ RunTime:0.012001s ]
INFO: [ view_filter ] --START--
INFO: Run Behavior\WriteHtmlCacheBehavior [ RunTime:0.001000s ]
INFO: [ view_filter ] --END-- [ RunTime:0.001000s ]
INFO: [ app_end ] --START--
INFO: Run Behavior\ShowPageTraceBehavior [ RunTime:0.001000s ]
INFO: [ app_end ] --END-- [ RunTime:0.001000s ]

[ 2018-01-20T14:03:49+08:00 ] 192.168.0.101 /index.php/
INFO: [ app_init ] --START--
INFO: Run Behavior\BuildLiteBehavior [ RunTime:0.000000s ]
INFO: [ app_init ] --END-- [ RunTime:0.001000s ]
INFO: [ app_begin ] --START--
INFO: Run Behavior\ReadHtmlCacheBehavior [ RunTime:0.001000s ]
INFO: [ app_begin ] --END-- [ RunTime:0.002000s ]
SQL: SHOW COLUMNS FROM `gupiao_company` [ RunTime:0.0080s ]
SQL: SELECT * FROM `gupiao_company` LIMIT 1   [ RunTime:0.0000s ]
SQL: SHOW COLUMNS FROM `gupiao_code` [ RunTime:0.0080s ]
SQL: SELECT * FROM `gupiao_code` WHERE ( type = 1 ) LIMIT 1   [ RunTime:0.0010s ]
SQL: SHOW COLUMNS FROM `gupiao_banner` [ RunTime:0.0060s ]
SQL: SELECT * FROM `gupiao_banner` WHERE ( type = 1 )  [ RunTime:0.0000s ]
SQL: SHOW COLUMNS FROM `gupiao_title_img` [ RunTime:0.0050s ]
SQL: SELECT * FROM `gupiao_title_img` WHERE ( type = 1 )  [ RunTime:0.0010s ]
SQL: SELECT * FROM `gupiao_code` WHERE ( type = 1 ) LIMIT 1   [ RunTime:0.0000s ]
SQL: SELECT * FROM `gupiao_code` WHERE ( type = 2 ) LIMIT 1   [ RunTime:0.0000s ]
INFO: [ view_parse ] --START--
INFO: [ template_filter ] --START--
INFO: Run Behavior\ContentReplaceBehavior [ RunTime:0.000000s ]
INFO: [ template_filter ] --END-- [ RunTime:0.000000s ]
INFO: Run Behavior\ParseTemplateBehavior [ RunTime:0.008001s ]
INFO: [ view_parse ] --END-- [ RunTime:0.008001s ]
INFO: [ view_filter ] --START--
INFO: Run Behavior\WriteHtmlCacheBehavior [ RunTime:0.001000s ]
INFO: [ view_filter ] --END-- [ RunTime:0.001000s ]
INFO: [ app_end ] --START--
INFO: Run Behavior\ShowPageTraceBehavior [ RunTime:0.001000s ]
INFO: [ app_end ] --END-- [ RunTime:0.001000s ]

